<?xml version="1.0" encoding="UTF-8"?>
<!-- Generated by org.testng.reporters.JUnitReportReporter -->
<testsuite hostname="Alex-NB" name="ua.goit.timonov.antMaven.module031.WorkerTest" tests="8" failures="0" timestamp="23 Jun 2016 15:15:59 GMT" time="0.721" errors="0">
  <testcase name="testRunNormal_2" time="0.323" classname="ua.goit.timonov.antMaven.module031.WorkerTest"/>
  <testcase name="testReleasePermitsNormal_1" time="0.012" classname="ua.goit.timonov.antMaven.module031.WorkerTest"/>
  <testcase name="testReceiveSemaphorePermitsNormal_2" time="0.005" classname="ua.goit.timonov.antMaven.module031.WorkerTest"/>
  <testcase name="testReleaseSemaphorePermitsNormal_2" time="0.024" classname="ua.goit.timonov.antMaven.module031.WorkerTest"/>
  <testcase name="testReceiveSemaphorePermitsNormal_3" time="0.004" classname="ua.goit.timonov.antMaven.module031.WorkerTest"/>
  <testcase name="testReleaseSemaphorePermitsNormal_3" time="0.013" classname="ua.goit.timonov.antMaven.module031.WorkerTest"/>
  <testcase name="testReceiveSemaphorePermitsNormal_1" time="0.108" classname="ua.goit.timonov.antMaven.module031.WorkerTest"/>
  <testcase name="testRunNormal_1" time="0.232" classname="ua.goit.timonov.antMaven.module031.WorkerTest"/>
</testsuite> <!-- ua.goit.timonov.antMaven.module031.WorkerTest -->
