<?xml version="1.0" encoding="UTF-8"?>
<!-- Generated by org.testng.reporters.JUnitReportReporter -->
<testsuite hostname="Alex-NB" name="ua.goit.timonov.antMaven.module032.SquareSumWithPhaserTest" tests="12" failures="0" timestamp="23 Jun 2016 16:10:22 GMT" time="1.761" errors="0">
  <testcase name="testGetSquareSumDivisionElementsOnThreads_1" time="0.204" classname="ua.goit.timonov.antMaven.module032.SquareSumWithPhaserTest"/>
  <testcase name="testGetSquareSumNormalBorder_2" time="0.101" classname="ua.goit.timonov.antMaven.module032.SquareSumWithPhaserTest"/>
  <testcase name="testGetSquareSumDivisionElementsOnThreads_2" time="0.202" classname="ua.goit.timonov.antMaven.module032.SquareSumWithPhaserTest"/>
  <testcase name="testGetSquareSumExpectedIllegalArgumentException_1" time="0.001" classname="ua.goit.timonov.antMaven.module032.SquareSumWithPhaserTest"/>
  <testcase name="testGetSquareSumExpectedIllegalArgumentException_3" time="0.000" classname="ua.goit.timonov.antMaven.module032.SquareSumWithPhaserTest"/>
  <testcase name="testGetSquareSumNormal_1" time="0.201" classname="ua.goit.timonov.antMaven.module032.SquareSumWithPhaserTest"/>
  <testcase name="testGetSquareSumDivisionElementsOnThreads_3" time="0.202" classname="ua.goit.timonov.antMaven.module032.SquareSumWithPhaserTest"/>
  <testcase name="testGetSquareSumBorder" time="0.245" classname="ua.goit.timonov.antMaven.module032.SquareSumWithPhaserTest"/>
  <testcase name="testGetSquareSumNormal_2" time="0.200" classname="ua.goit.timonov.antMaven.module032.SquareSumWithPhaserTest"/>
  <testcase name="testGetSquareSumNormalSimple" time="0.202" classname="ua.goit.timonov.antMaven.module032.SquareSumWithPhaserTest"/>
  <testcase name="testGetSquareSumNormalBorder_1" time="0.203" classname="ua.goit.timonov.antMaven.module032.SquareSumWithPhaserTest"/>
  <testcase name="testGetSquareSumExpectedIllegalArgumentException_2" time="0.000" classname="ua.goit.timonov.antMaven.module032.SquareSumWithPhaserTest"/>
</testsuite> <!-- ua.goit.timonov.antMaven.module032.SquareSumWithPhaserTest -->
