<?xml version="1.0" encoding="UTF-8"?>
<!-- Generated by org.testng.reporters.JUnitReportReporter -->
<testsuite hostname="Alex-NB" name="ua.goit.timonov.antMaven.module02.NumberValidatorTest" tests="6" failures="0" timestamp="24 Jun 2016 13:00:23 GMT" time="0.002" errors="0">
  <testcase name="testIsValidNormal_3" time="0.001" classname="ua.goit.timonov.antMaven.module02.NumberValidatorTest"/>
  <testcase name="testIsValidNormal_5" time="0.000" classname="ua.goit.timonov.antMaven.module02.NumberValidatorTest"/>
  <testcase name="testIsValidNormal_4" time="0.000" classname="ua.goit.timonov.antMaven.module02.NumberValidatorTest"/>
  <testcase name="testIsValidNormal_1" time="0.001" classname="ua.goit.timonov.antMaven.module02.NumberValidatorTest"/>
  <testcase name="testIsValidNormal_2" time="0.000" classname="ua.goit.timonov.antMaven.module02.NumberValidatorTest"/>
  <testcase name="testIsValidNormal_6" time="0.000" classname="ua.goit.timonov.antMaven.module02.NumberValidatorTest"/>
</testsuite> <!-- ua.goit.timonov.antMaven.module02.NumberValidatorTest -->
