<?xml version="1.0" encoding="UTF-8"?>
<!-- Generated by org.testng.reporters.JUnitReportReporter -->
<testsuite hostname="Alex-NB" name="ua.goit.timonov.antMaven.module02.NumberExecutorTest" tests="8" failures="0" timestamp="24 Jun 2016 13:00:23 GMT" time="0.163" errors="0">
  <testcase name="testGetInvalidResults" time="0.000" classname="ua.goit.timonov.antMaven.module02.NumberExecutorTest"/>
  <testcase name="testGetValidResults" time="0.001" classname="ua.goit.timonov.antMaven.module02.NumberExecutorTest"/>
  <testcase name="testExecuteIntWithInvalidResults" time="0.000" classname="ua.goit.timonov.antMaven.module02.NumberExecutorTest"/>
  <testcase name="testExecuteLongWithInvalidResults" time="0.001" classname="ua.goit.timonov.antMaven.module02.NumberExecutorTest"/>
  <testcase name="testAddTaskCatchException" time="0.007" classname="ua.goit.timonov.antMaven.module02.NumberExecutorTest"/>
  <testcase name="testExecuteInt" time="0.151" classname="ua.goit.timonov.antMaven.module02.NumberExecutorTest"/>
  <testcase name="testExecuteLong" time="0.002" classname="ua.goit.timonov.antMaven.module02.NumberExecutorTest"/>
  <testcase name="testAddTaskNormal" time="0.001" classname="ua.goit.timonov.antMaven.module02.NumberExecutorTest"/>
</testsuite> <!-- ua.goit.timonov.antMaven.module02.NumberExecutorTest -->
